Cook    {Rich=1}
Programmers {are=1}
Rich    {Cook=1}
So  {far=1, idiots=1}
Universe    {is=2, the=3, to=1}
a   {in=1, race=1}
and {better=2, bigger=2}
are {Programmers=1, in=1}
better  {and=2, idiot=1, idiots=1}
bigger  {and=2, create=2}
create  {bigger=2, to=2}
far {So=1, the=1}
idiot   {better=1, proof=1}
idiots  {So=1, better=1}
in  {a=1, are=1}
is  {Universe=2, trying=1, winning=1}
programs    {proof=1, while=1}
proof   {idiot=1, programs=1}
race    {a=1, with=1}
the {Universe=3, far=1, while=1, with=1}
to  {Universe=1, create=2, trying=1}
trying  {is=1, to=1}
while   {programs=1, the=1}
winning {is=1}
with    {race=1, the=1}